# JRE version: Java(TM) SE Runtime Environment (8.0_331-b09) (build 1.8.0_331-b09)
# Java VM: Java HotSpot(TM) 64-Bit Server VM (25.331-b09 mixed mode bsd-amd64 compressed oops)
Heap:
 PSYoungGen      total 71680K, used 48016K [0x0000000795580000, 0x000000079a080000, 0x00000007c0000000)
  eden space 66560K, 72% used [0x0000000795580000,0x0000000798464020,0x0000000799680000)
  from space 5120K, 0% used [0x0000000799b80000,0x0000000799b80000,0x000000079a080000)
  to   space 5120K, 0% used [0x0000000799680000,0x0000000799680000,0x0000000799b80000)
 ParOldGen       total 56320K, used 6956K [0x0000000740000000, 0x0000000743700000, 0x0000000795580000)
  object space 56320K, 12% used [0x0000000740000000,0x00000007406cb100,0x0000000743700000)
 Metaspace       used 24308K, capacity 24650K, committed 25088K, reserved 1071104K
  class space    used 2921K, capacity 3019K, committed 3072K, reserved 1048576K
GC Heap History (10 events):
Event: 1.317 GC heap before
{Heap before GC invocations=1 (full 0):
 PSYoungGen      total 38400K, used 33280K [0x0000000795580000, 0x0000000798000000, 0x00000007c0000000)
  eden space 33280K, 100% used [0x0000000795580000,0x0000000797600000,0x0000000797600000)
  from space 5120K, 0% used [0x0000000797b00000,0x0000000797b00000,0x0000000798000000)
  to   space 5120K, 0% used [0x0000000797600000,0x0000000797600000,0x0000000797b00000)
 ParOldGen       total 87552K, used 0K [0x0000000740000000, 0x0000000745580000, 0x0000000795580000)
  object space 87552K, 0% used [0x0000000740000000,0x0000000740000000,0x0000000745580000)
 Metaspace       used 10111K, capacity 10276K, committed 10496K, reserved 1058816K
  class space    used 1136K, capacity 1210K, committed 1280K, reserved 1048576K
Event: 1.328 GC heap after
Heap after GC invocations=1 (full 0):
 PSYoungGen      total 38400K, used 5109K [0x0000000795580000, 0x0000000798000000, 0x00000007c0000000)
  eden space 33280K, 0% used [0x0000000795580000,0x0000000795580000,0x0000000797600000)
  from space 5120K, 99% used [0x0000000797600000,0x0000000797afd4a8,0x0000000797b00000)
  to   space 5120K, 0% used [0x0000000797b00000,0x0000000797b00000,0x0000000798000000)
 ParOldGen       total 87552K, used 680K [0x0000000740000000, 0x0000000745580000, 0x0000000795580000)
  object space 87552K, 0% used [0x0000000740000000,0x00000007400aa0a8,0x0000000745580000)
 Metaspace       used 10111K, capacity 10276K, committed 10496K, reserved 1058816K
  class space    used 1136K, capacity 1210K, committed 1280K, reserved 1048576K
}
Event: 2.157 GC heap before
{Heap before GC invocations=2 (full 0):
 PSYoungGen      total 38400K, used 38389K [0x0000000795580000, 0x0000000798000000, 0x00000007c0000000)
  eden space 33280K, 100% used [0x0000000795580000,0x0000000797600000,0x0000000797600000)
  from space 5120K, 99% used [0x0000000797600000,0x0000000797afd4a8,0x0000000797b00000)
  to   space 5120K, 0% used [0x0000000797b00000,0x0000000797b00000,0x0000000798000000)
 ParOldGen       total 87552K, used 680K [0x0000000740000000, 0x0000000745580000, 0x0000000795580000)
  object space 87552K, 0% used [0x0000000740000000,0x00000007400aa0a8,0x0000000745580000)
 Metaspace       used 13685K, capacity 13898K, committed 14208K, reserved 1062912K
  class space    used 1528K, capacity 1621K, committed 1664K, reserved 1048576K
Event: 2.174 GC heap after
Heap after GC invocations=2 (full 0):
 PSYoungGen      total 38400K, used 5094K [0x0000000795580000, 0x000000079a080000, 0x00000007c0000000)
  eden space 33280K, 0% used [0x0000000795580000,0x0000000795580000,0x0000000797600000)
  from space 5120K, 99% used [0x0000000797b00000,0x0000000797ff98d0,0x0000000798000000)
  to   space 5120K, 0% used [0x0000000797600000,0x0000000797600000,0x0000000797b00000)
 ParOldGen       total 87552K, used 4964K [0x0000000740000000, 0x0000000745580000, 0x0000000795580000)
  object space 87552K, 5% used [0x0000000740000000,0x00000007404d9050,0x0000000745580000)
 Metaspace       used 13685K, capacity 13898K, committed 14208K, reserved 1062912K
  class space    used 1528K, capacity 1621K, committed 1664K, reserved 1048576K
}
Event: 3.234 GC heap before
{Heap before GC invocations=3 (full 0):
 PSYoungGen      total 38400K, used 38374K [0x0000000795580000, 0x000000079a080000, 0x00000007c0000000)
  eden space 33280K, 100% used [0x0000000795580000,0x0000000797600000,0x0000000797600000)
  from space 5120K, 99% used [0x0000000797b00000,0x0000000797ff98d0,0x0000000798000000)
  to   space 5120K, 0% used [0x0000000797600000,0x0000000797600000,0x0000000797b00000)
 ParOldGen       total 87552K, used 4964K [0x0000000740000000, 0x0000000745580000, 0x0000000795580000)
  object space 87552K, 5% used [0x0000000740000000,0x00000007404d9050,0x0000000745580000)
 Metaspace       used 19912K, capacity 20196K, committed 20480K, reserved 1067008K
  class space    used 2372K, capacity 2458K, committed 2560K, reserved 1048576K
Event: 3.285 GC heap after
Heap after GC invocations=3 (full 0):
 PSYoungGen      total 38400K, used 5094K [0x0000000795580000, 0x000000079a080000, 0x00000007c0000000)
  eden space 33280K, 0% used [0x0000000795580000,0x0000000795580000,0x0000000797600000)
  from space 5120K, 99% used [0x0000000797600000,0x0000000797af98e0,0x0000000797b00000)
  to   space 5120K, 0% used [0x0000000799b80000,0x0000000799b80000,0x000000079a080000)
 ParOldGen       total 87552K, used 8526K [0x0000000740000000, 0x0000000745580000, 0x0000000795580000)
  object space 87552K, 9% used [0x0000000740000000,0x0000000740853bb8,0x0000000745580000)
 Metaspace       used 19912K, capacity 20196K, committed 20480K, reserved 1067008K
  class space    used 2372K, capacity 2458K, committed 2560K, reserved 1048576K
}
Event: 3.432 GC heap before
{Heap before GC invocations=4 (full 0):
 PSYoungGen      total 38400K, used 10389K [0x0000000795580000, 0x000000079a080000, 0x00000007c0000000)
  eden space 33280K, 15% used [0x0000000795580000,0x0000000795aabc90,0x0000000797600000)
  from space 5120K, 99% used [0x0000000797600000,0x0000000797af98e0,0x0000000797b00000)
  to   space 5120K, 0% used [0x0000000799b80000,0x0000000799b80000,0x000000079a080000)
 ParOldGen       total 87552K, used 8526K [0x0000000740000000, 0x0000000745580000, 0x0000000795580000)
  object space 87552K, 9% used [0x0000000740000000,0x0000000740853bb8,0x0000000745580000)
 Metaspace       used 20866K, capacity 21124K, committed 21248K, reserved 1069056K
  class space    used 2482K, capacity 2554K, committed 2560K, reserved 1048576K
Event: 3.476 GC heap after
Heap after GC invocations=4 (full 0):
 PSYoungGen      total 71680K, used 5094K [0x0000000795580000, 0x000000079a080000, 0x00000007c0000000)
  eden space 66560K, 0% used [0x0000000795580000,0x0000000795580000,0x0000000799680000)
  from space 5120K, 99% used [0x0000000799b80000,0x000000079a079900,0x000000079a080000)
  to   space 5120K, 0% used [0x0000000799680000,0x0000000799680000,0x0000000799b80000)
 ParOldGen       total 87552K, used 9165K [0x0000000740000000, 0x0000000745580000, 0x0000000795580000)
  object space 87552K, 10% used [0x0000000740000000,0x00000007408f34d8,0x0000000745580000)
 Metaspace       used 20866K, capacity 21124K, committed 21248K, reserved 1069056K
  class space    used 2482K, capacity 2554K, committed 2560K, reserved 1048576K
}
Event: 3.476 GC heap before
{Heap before GC invocations=5 (full 1):
 PSYoungGen      total 71680K, used 5094K [0x0000000795580000, 0x000000079a080000, 0x00000007c0000000)
  eden space 66560K, 0% used [0x0000000795580000,0x0000000795580000,0x0000000799680000)
  from space 5120K, 99% used [0x0000000799b80000,0x000000079a079900,0x000000079a080000)
  to   space 5120K, 0% used [0x0000000799680000,0x0000000799680000,0x0000000799b80000)
 ParOldGen       total 87552K, used 9165K [0x0000000740000000, 0x0000000745580000, 0x0000000795580000)
  object space 87552K, 10% used [0x0000000740000000,0x00000007408f34d8,0x0000000745580000)
 Metaspace       used 20866K, capacity 21124K, committed 21248K, reserved 1069056K
  class space    used 2482K, capacity 2554K, committed 2560K, reserved 1048576K
Event: 3.591 GC heap after
Heap after GC invocations=5 (full 1):
 PSYoungGen      total 71680K, used 0K [0x0000000795580000, 0x000000079a080000, 0x00000007c0000000)
  eden space 66560K, 0% used [0x0000000795580000,0x0000000795580000,0x0000000799680000)
  from space 5120K, 0% used [0x0000000799b80000,0x0000000799b80000,0x000000079a080000)
  to   space 5120K, 0% used [0x0000000799680000,0x0000000799680000,0x0000000799b80000)
 ParOldGen       total 56320K, used 6956K [0x0000000740000000, 0x0000000743700000, 0x0000000795580000)
  object space 56320K, 12% used [0x0000000740000000,0x00000007406cb100,0x0000000743700000)
 Metaspace       used 20866K, capacity 21124K, committed 21248K, reserved 1069056K
  class space    used 2482K, capacity 2554K, committed 2560K, reserved 1048576K
}

